09:20:40 **** Incremental Build of configuration Debug for project Q3_ASS_7 ****
make -j12 all 
arm-none-eabi-gcc "../Core/Src/main.c" -mcpu=cortex-m4 -std=gnu11 -g3 -DDEBUG -DUSE_HAL_DRIVER -DSTM32F407xx -c -I../Core/Inc -I../Drivers/STM32F4xx_HAL_Driver/Inc -I../Drivers/STM32F4xx_HAL_Driver/Inc/Legacy -I../Drivers/CMSIS/Device/ST/STM32F4xx/Include -I../Drivers/CMSIS/Include -O0 -ffunction-sections -fdata-sections -Wall -fstack-usage -fcyclomatic-complexity -MMD -MP -MF"Core/Src/main.d" -MT"Core/Src/main.o" --specs=nano.specs -mfpu=fpv4-sp-d16 -mfloat-abi=soft -mthumb -o "Core/Src/main.o"
../Core/Src/main.c: In function 'main':
../Core/Src/main.c:48:3: warning: implicit declaration of function 'lcd_init' [-Wimplicit-function-declaration]
   48 |   lcd_init();
      |   ^~~~~~~~
../Core/Src/main.c:49:3: warning: implicit declaration of function 'lcd_put_cur' [-Wimplicit-function-declaration]
   49 |   lcd_put_cur(0, 0);
      |   ^~~~~~~~~~~
../Core/Src/main.c:50:3: warning: implicit declaration of function 'lcd_send_string' [-Wimplicit-function-declaration]
   50 |   lcd_send_string("EMBEDDED SYSTEM");
      |   ^~~~~~~~~~~~~~~
../Core/Src/main.c:61:9: warning: implicit declaration of function 'lcd_send_cmd' [-Wimplicit-function-declaration]
   61 |         lcd_send_cmd(0x18); // Command: Shift entire display left
      |         ^~~~~~~~~~~~
arm-none-eabi-gcc -o "Q3_ASS_7.elf" @"objects.list"   -mcpu=cortex-m4 -T"C:\Users\shrey\OneDrive\Desktop\Sunbeam data\ARM_94190_Shreya\Assignment 5\Q3_ASS_7\STM32F407VGTX_FLASH.ld" --specs=nosys.specs -Wl,-Map="Q3_ASS_7.map" -Wl,--gc-sections -static --specs=nano.specs -mfpu=fpv4-sp-d16 -mfloat-abi=soft -mthumb -Wl,--start-group -lc -lm -Wl,--end-group
C:/ST/STM32CubeIDE_1.19.0/STM32CubeIDE/plugins/com.st.stm32cube.ide.mcu.externaltools.gnu-tools-for-stm32.13.3.rel1.win32_1.0.0.202411081344/tools/bin/../lib/gcc/arm-none-eabi/13.3.1/../../../../arm-none-eabi/bin/ld.exe: ./Core/Src/main.o: in function `main':
C:/Users/shrey/OneDrive/Desktop/Sunbeam data/ARM_94190_Shreya/Assignment 5/Q3_ASS_7/Debug/../Core/Src/main.c:48:(.text.main+0x16): undefined reference to `lcd_init'
C:/ST/STM32CubeIDE_1.19.0/STM32CubeIDE/plugins/com.st.stm32cube.ide.mcu.externaltools.gnu-tools-for-stm32.13.3.rel1.win32_1.0.0.202411081344/tools/bin/../lib/gcc/arm-none-eabi/13.3.1/../../../../arm-none-eabi/bin/ld.exe: C:/Users/shrey/OneDrive/Desktop/Sunbeam data/ARM_94190_Shreya/Assignment 5/Q3_ASS_7/Debug/../Core/Src/main.c:49:(.text.main+0x1e): undefined reference to `lcd_put_cur'
C:/ST/STM32CubeIDE_1.19.0/STM32CubeIDE/plugins/com.st.stm32cube.ide.mcu.externaltools.gnu-tools-for-stm32.13.3.rel1.win32_1.0.0.202411081344/tools/bin/../lib/gcc/arm-none-eabi/13.3.1/../../../../arm-none-eabi/bin/ld.exe: C:/Users/shrey/OneDrive/Desktop/Sunbeam data/ARM_94190_Shreya/Assignment 5/Q3_ASS_7/Debug/../Core/Src/main.c:50:(.text.main+0x24): undefined reference to `lcd_send_string'
C:/ST/STM32CubeIDE_1.19.0/STM32CubeIDE/plugins/com.st.stm32cube.ide.mcu.externaltools.gnu-tools-for-stm32.13.3.rel1.win32_1.0.0.202411081344/tools/bin/../lib/gcc/arm-none-eabi/13.3.1/../../../../arm-none-eabi/bin/ld.exe: C:/Users/shrey/OneDrive/Desktop/Sunbeam data/ARM_94190_Shreya/Assignment 5/Q3_ASS_7/Debug/../Core/Src/main.c:61:(.text.main+0x38): undefined reference to `lcd_send_cmd'
C:/ST/STM32CubeIDE_1.19.0/STM32CubeIDE/plugins/com.st.stm32cube.ide.mcu.externaltools.gnu-tools-for-stm32.13.3.rel1.win32_1.0.0.202411081344/tools/bin/../lib/gcc/arm-none-eabi/13.3.1/../../../../arm-none-eabi/bin/ld.exe: C:/Users/shrey/OneDrive/Desktop/Sunbeam data/ARM_94190_Shreya/Assignment 5/Q3_ASS_7/Debug/../Core/Src/main.c:70:(.text.main+0x60): undefined reference to `lcd_send_cmd'
collect2.exe: error: ld returned 1 exit status
make: *** [makefile:64: Q3_ASS_7.elf] Error 1
"make -j12 all" terminated with exit code 2. Build might be incomplete.

09:20:41 Build Failed. 6 errors, 4 warnings. (took 1s.54ms)

